2020-08-04T15:11:24+00:00 CRITICAL Uncaught Error: Call to a member function get_name() on null in /home/kevin/projects/www/b-a-m/wp-content/themes/custom-theme/front-page.php:14
Stack trace:
#0 /home/kevin/projects/www/b-a-m/wp-includes/template-loader.php(106): include()
#1 /home/kevin/projects/www/b-a-m/wp-blog-header.php(19): require_once('/home/kevin/pro...')
#2 /home/kevin/projects/www/b-a-m/index.php(17): require('/home/kevin/pro...')
#3 {main}
  thrown dans /home/kevin/projects/www/b-a-m/wp-content/themes/custom-theme/front-page.php à la ligne 14

2020-08-04T15:13:01+00:00 CRITICAL syntax error, unexpected end of file dans /home/kevin/projects/www/b-a-m/wp-content/themes/custom-theme/front-page.php à la ligne 159

2020-08-04T15:25:04+00:00 CRITICAL syntax error, unexpected '<', expecting end of file dans /home/kevin/projects/www/b-a-m/wp-content/themes/custom-theme/front-page.php à la ligne 35

2020-08-04T15:25:08+00:00 CRITICAL Uncaught Error: Call to undefined function dump() in /home/kevin/projects/www/b-a-m/wp-content/themes/custom-theme/front-page.php:23
Stack trace:
#0 /home/kevin/projects/www/b-a-m/wp-includes/template-loader.php(106): include()
#1 /home/kevin/projects/www/b-a-m/wp-blog-header.php(19): require_once('/home/kevin/pro...')
#2 /home/kevin/projects/www/b-a-m/index.php(17): require('/home/kevin/pro...')
#3 {main}
  thrown dans /home/kevin/projects/www/b-a-m/wp-content/themes/custom-theme/front-page.php à la ligne 23

2020-08-04T15:25:33+00:00 CRITICAL Uncaught Error: Call to undefined function dump() in /home/kevin/projects/www/b-a-m/wp-content/themes/custom-theme/front-page.php:23
Stack trace:
#0 /home/kevin/projects/www/b-a-m/wp-includes/template-loader.php(106): include()
#1 /home/kevin/projects/www/b-a-m/wp-blog-header.php(19): require_once('/home/kevin/pro...')
#2 /home/kevin/projects/www/b-a-m/index.php(17): require('/home/kevin/pro...')
#3 {main}
  thrown dans /home/kevin/projects/www/b-a-m/wp-content/themes/custom-theme/front-page.php à la ligne 23

2020-08-04T23:06:02+00:00 CRITICAL Uncaught Error: Call to undefined function wp_header() in /home/kevin/projects/www/b-a-m/wp-content/themes/custom-theme/header.php:7
Stack trace:
#0 /home/kevin/projects/www/b-a-m/wp-includes/template.php(723): require_once()
#1 /home/kevin/projects/www/b-a-m/wp-includes/template.php(672): load_template()
#2 /home/kevin/projects/www/b-a-m/wp-includes/general-template.php(41): locate_template()
#3 /home/kevin/projects/www/b-a-m/wp-content/themes/custom-theme/front-page.php(3): get_header()
#4 /home/kevin/projects/www/b-a-m/wp-includes/template-loader.php(106): include('/home/kevin/pro...')
#5 /home/kevin/projects/www/b-a-m/wp-blog-header.php(19): require_once('/home/kevin/pro...')
#6 /home/kevin/projects/www/b-a-m/index.php(17): require('/home/kevin/pro...')
#7 {main}
  thrown dans /home/kevin/projects/www/b-a-m/wp-content/themes/custom-theme/header.php à la ligne 7

2020-08-04T23:06:04+00:00 CRITICAL Uncaught Error: Call to undefined function wp_header() in /home/kevin/projects/www/b-a-m/wp-content/themes/custom-theme/header.php:7
Stack trace:
#0 /home/kevin/projects/www/b-a-m/wp-includes/template.php(723): require_once()
#1 /home/kevin/projects/www/b-a-m/wp-includes/template.php(672): load_template()
#2 /home/kevin/projects/www/b-a-m/wp-includes/general-template.php(41): locate_template()
#3 /home/kevin/projects/www/b-a-m/wp-content/themes/custom-theme/front-page.php(3): get_header()
#4 /home/kevin/projects/www/b-a-m/wp-includes/template-loader.php(106): include('/home/kevin/pro...')
#5 /home/kevin/projects/www/b-a-m/wp-blog-header.php(19): require_once('/home/kevin/pro...')
#6 /home/kevin/projects/www/b-a-m/index.php(17): require('/home/kevin/pro...')
#7 {main}
  thrown dans /home/kevin/projects/www/b-a-m/wp-content/themes/custom-theme/header.php à la ligne 7

