2020-07-30T14:01:13+00:00 CRITICAL require(): Failed opening required '/home/kevin/projects/www/b-a-m/wp-content/themes/custom-theme/vendor/autoload.php' (include_path='.:/usr/share/php') dans /home/kevin/projects/www/b-a-m/wp-content/themes/custom-theme/functions.php à la ligne 35

2020-07-30T14:01:17+00:00 CRITICAL require(): Failed opening required '/home/kevin/projects/www/b-a-m/wp-content/themes/custom-theme/vendor/autoload.php' (include_path='.:/usr/share/php') dans /home/kevin/projects/www/b-a-m/wp-content/themes/custom-theme/functions.php à la ligne 35

2020-07-30T14:01:19+00:00 CRITICAL require(): Failed opening required '/home/kevin/projects/www/b-a-m/wp-content/themes/custom-theme/vendor/autoload.php' (include_path='.:/usr/share/php') dans /home/kevin/projects/www/b-a-m/wp-content/themes/custom-theme/functions.php à la ligne 35

2020-07-30T14:01:44+00:00 CRITICAL require(): Failed opening required '/home/kevin/projects/www/b-a-m/wp-content/themes/custom-theme/vendor/autoload.php' (include_path='.:/usr/share/php') dans /home/kevin/projects/www/b-a-m/wp-content/themes/custom-theme/functions.php à la ligne 35

2020-07-30T14:02:20+00:00 CRITICAL require(): Failed opening required '/home/kevin/projects/www/b-a-m/wp-content/themes/custom-theme/vendor/autoload.php' (include_path='.:/usr/share/php') dans /home/kevin/projects/www/b-a-m/wp-content/themes/custom-theme/functions.php à la ligne 35

2020-07-30T14:05:09+00:00 CRITICAL Uncaught Error: Call to undefined function dump() in /home/kevin/projects/www/b-a-m/wp-content/themes/custom-theme/front-page.php:60
Stack trace:
#0 /home/kevin/projects/www/b-a-m/wp-includes/template-loader.php(106): include()
#1 /home/kevin/projects/www/b-a-m/wp-blog-header.php(19): require_once('/home/kevin/pro...')
#2 /home/kevin/projects/www/b-a-m/index.php(17): require('/home/kevin/pro...')
#3 {main}
  thrown dans /home/kevin/projects/www/b-a-m/wp-content/themes/custom-theme/front-page.php à la ligne 60

2020-07-30T14:05:22+00:00 CRITICAL Uncaught Error: Call to undefined function dump() in /home/kevin/projects/www/b-a-m/wp-content/themes/custom-theme/front-page.php:60
Stack trace:
#0 /home/kevin/projects/www/b-a-m/wp-includes/template-loader.php(106): include()
#1 /home/kevin/projects/www/b-a-m/wp-blog-header.php(19): require_once('/home/kevin/pro...')
#2 /home/kevin/projects/www/b-a-m/index.php(17): require('/home/kevin/pro...')
#3 {main}
  thrown dans /home/kevin/projects/www/b-a-m/wp-content/themes/custom-theme/front-page.php à la ligne 60

2020-07-30T14:05:27+00:00 CRITICAL Uncaught Error: Call to undefined function dump() in /home/kevin/projects/www/b-a-m/wp-content/themes/custom-theme/front-page.php:60
Stack trace:
#0 /home/kevin/projects/www/b-a-m/wp-includes/template-loader.php(106): include()
#1 /home/kevin/projects/www/b-a-m/wp-blog-header.php(19): require_once('/home/kevin/pro...')
#2 /home/kevin/projects/www/b-a-m/index.php(17): require('/home/kevin/pro...')
#3 {main}
  thrown dans /home/kevin/projects/www/b-a-m/wp-content/themes/custom-theme/front-page.php à la ligne 60

2020-07-30T14:06:05+00:00 CRITICAL require(): Failed opening required '/home/kevin/projects/www/b-a-m/wp-content/themes/custom-theme/vendor/autoload.php' (include_path='.:/usr/share/php') dans /home/kevin/projects/www/b-a-m/wp-content/themes/custom-theme/functions.php à la ligne 7

2020-07-30T14:06:06+00:00 CRITICAL require(): Failed opening required '/home/kevin/projects/www/b-a-m/wp-content/themes/custom-theme/vendor/autoload.php' (include_path='.:/usr/share/php') dans /home/kevin/projects/www/b-a-m/wp-content/themes/custom-theme/functions.php à la ligne 7

2020-07-30T14:06:38+00:00 CRITICAL Uncaught Error: Call to undefined function dump() in /home/kevin/projects/www/b-a-m/wp-content/themes/custom-theme/front-page.php:60
Stack trace:
#0 /home/kevin/projects/www/b-a-m/wp-includes/template-loader.php(106): include()
#1 /home/kevin/projects/www/b-a-m/wp-blog-header.php(19): require_once('/home/kevin/pro...')
#2 /home/kevin/projects/www/b-a-m/index.php(17): require('/home/kevin/pro...')
#3 {main}
  thrown dans /home/kevin/projects/www/b-a-m/wp-content/themes/custom-theme/front-page.php à la ligne 60

2020-07-30T14:06:50+00:00 CRITICAL Uncaught Error: Call to undefined function dump() in /home/kevin/projects/www/b-a-m/wp-content/themes/custom-theme/front-page.php:60
Stack trace:
#0 /home/kevin/projects/www/b-a-m/wp-includes/template-loader.php(106): include()
#1 /home/kevin/projects/www/b-a-m/wp-blog-header.php(19): require_once('/home/kevin/pro...')
#2 /home/kevin/projects/www/b-a-m/index.php(17): require('/home/kevin/pro...')
#3 {main}
  thrown dans /home/kevin/projects/www/b-a-m/wp-content/themes/custom-theme/front-page.php à la ligne 60

2020-07-30T14:10:40+00:00 CRITICAL require(): Failed opening required '/home/kevin/projects/www/b-a-m/wp-content/themes/custom-theme/vendor/autoload.php' (include_path='.:/usr/share/php') dans /home/kevin/projects/www/b-a-m/wp-content/themes/custom-theme/functions.php à la ligne 7

2020-07-30T14:11:36+00:00 CRITICAL require(): Failed opening required '/home/kevin/projects/www/b-a-m/wp-content/themes/custom-theme/vendor/autoload.php' (include_path='.:/usr/share/php') dans /home/kevin/projects/www/b-a-m/wp-content/themes/custom-theme/functions.php à la ligne 7

2020-07-30T14:11:57+00:00 CRITICAL require(): Failed opening required '/home/kevin/projects/www/b-a-m/wp-content/themes/custom-theme/vendor/autoload.php' (include_path='.:/usr/share/php') dans /home/kevin/projects/www/b-a-m/wp-content/themes/custom-theme/functions.php à la ligne 7

2020-07-30T14:12:59+00:00 CRITICAL require(): Failed opening required '/home/kevin/projects/www/b-a-m/wp-content/themes/custom-theme/vendor/autoload.php' (include_path='.:/usr/share/php') dans /home/kevin/projects/www/b-a-m/wp-content/themes/custom-theme/functions.php à la ligne 7

2020-07-30T14:13:43+00:00 CRITICAL Uncaught Error: Call to undefined function dump() in /home/kevin/projects/www/b-a-m/wp-content/themes/custom-theme/front-page.php:60
Stack trace:
#0 /home/kevin/projects/www/b-a-m/wp-includes/template-loader.php(106): include()
#1 /home/kevin/projects/www/b-a-m/wp-blog-header.php(19): require_once('/home/kevin/pro...')
#2 /home/kevin/projects/www/b-a-m/index.php(17): require('/home/kevin/pro...')
#3 {main}
  thrown dans /home/kevin/projects/www/b-a-m/wp-content/themes/custom-theme/front-page.php à la ligne 60

2020-07-30T14:18:00+00:00 CRITICAL Uncaught Error: Cannot use object of type WC_Product_Simple as array in /home/kevin/projects/www/b-a-m/wp-content/themes/custom-theme/front-page.php:62
Stack trace:
#0 /home/kevin/projects/www/b-a-m/wp-includes/template-loader.php(106): include()
#1 /home/kevin/projects/www/b-a-m/wp-blog-header.php(19): require_once('/home/kevin/pro...')
#2 /home/kevin/projects/www/b-a-m/index.php(17): require('/home/kevin/pro...')
#3 {main}
  thrown dans /home/kevin/projects/www/b-a-m/wp-content/themes/custom-theme/front-page.php à la ligne 62

2020-07-30T15:16:50+00:00 CRITICAL syntax error, unexpected '}', expecting ']' dans /home/kevin/projects/www/b-a-m/wp-content/themes/custom-theme/front-page.php à la ligne 61

2020-07-30T15:17:06+00:00 CRITICAL syntax error, unexpected '}', expecting ']' dans /home/kevin/projects/www/b-a-m/wp-content/themes/custom-theme/front-page.php à la ligne 61

2020-07-30T15:17:17+00:00 CRITICAL syntax error, unexpected '}', expecting ']' dans /home/kevin/projects/www/b-a-m/wp-content/themes/custom-theme/front-page.php à la ligne 61

2020-07-30T15:17:30+00:00 CRITICAL Uncaught Error: Call to a member function get_name() on null in /home/kevin/projects/www/b-a-m/wp-content/themes/custom-theme/front-page.php:61
Stack trace:
#0 /home/kevin/projects/www/b-a-m/wp-includes/template-loader.php(106): include()
#1 /home/kevin/projects/www/b-a-m/wp-blog-header.php(19): require_once('/home/kevin/pro...')
#2 /home/kevin/projects/www/b-a-m/index.php(17): require('/home/kevin/pro...')
#3 {main}
  thrown dans /home/kevin/projects/www/b-a-m/wp-content/themes/custom-theme/front-page.php à la ligne 61

2020-07-30T15:19:59+00:00 CRITICAL Uncaught Error: Call to a member function get_name() on array in /home/kevin/projects/www/b-a-m/wp-content/themes/custom-theme/front-page.php:62
Stack trace:
#0 /home/kevin/projects/www/b-a-m/wp-includes/template-loader.php(106): include()
#1 /home/kevin/projects/www/b-a-m/wp-blog-header.php(19): require_once('/home/kevin/pro...')
#2 /home/kevin/projects/www/b-a-m/index.php(17): require('/home/kevin/pro...')
#3 {main}
  thrown dans /home/kevin/projects/www/b-a-m/wp-content/themes/custom-theme/front-page.php à la ligne 62

2020-07-30T15:20:11+00:00 CRITICAL Uncaught Error: Call to a member function get_name() on array in /home/kevin/projects/www/b-a-m/wp-content/themes/custom-theme/front-page.php:62
Stack trace:
#0 /home/kevin/projects/www/b-a-m/wp-includes/template-loader.php(106): include()
#1 /home/kevin/projects/www/b-a-m/wp-blog-header.php(19): require_once('/home/kevin/pro...')
#2 /home/kevin/projects/www/b-a-m/index.php(17): require('/home/kevin/pro...')
#3 {main}
  thrown dans /home/kevin/projects/www/b-a-m/wp-content/themes/custom-theme/front-page.php à la ligne 62

2020-07-30T15:20:19+00:00 CRITICAL Uncaught Error: Call to a member function get_name() on array in /home/kevin/projects/www/b-a-m/wp-content/themes/custom-theme/front-page.php:61
Stack trace:
#0 /home/kevin/projects/www/b-a-m/wp-includes/template-loader.php(106): include()
#1 /home/kevin/projects/www/b-a-m/wp-blog-header.php(19): require_once('/home/kevin/pro...')
#2 /home/kevin/projects/www/b-a-m/index.php(17): require('/home/kevin/pro...')
#3 {main}
  thrown dans /home/kevin/projects/www/b-a-m/wp-content/themes/custom-theme/front-page.php à la ligne 61

2020-07-30T15:22:00+00:00 CRITICAL Uncaught Error: Call to undefined function dump() in /home/kevin/projects/www/b-a-m/wp-content/themes/custom-theme/front-page.php:60
Stack trace:
#0 /home/kevin/projects/www/b-a-m/wp-includes/template-loader.php(106): include()
#1 /home/kevin/projects/www/b-a-m/wp-blog-header.php(19): require_once('/home/kevin/pro...')
#2 /home/kevin/projects/www/b-a-m/index.php(17): require('/home/kevin/pro...')
#3 {main}
  thrown dans /home/kevin/projects/www/b-a-m/wp-content/themes/custom-theme/front-page.php à la ligne 60

